<?xml version="1.0" encoding="UTF-8"?>
<testsuite name="helloWordl.HelloWorldTest" tests="1" skipped="0" failures="0" errors="0" timestamp="2022-09-13T09:05:33" hostname="Sols-MacBook-Air.local" time="0.007">
  <properties/>
  <testcase name="hello world test()" classname="helloWordl.HelloWorldTest" time="0.007"/>
  <system-out><![CDATA[]]></system-out>
  <system-err><![CDATA[]]></system-err>
</testsuite>
