<?xml version="1.0" encoding="UTF-8"?>
<testsuite name="twoFer.TwoFerTest" tests="4" skipped="0" failures="0" errors="0" timestamp="2022-09-13T09:04:15" hostname="Sols-MacBook-Air.local" time="0.013">
  <properties/>
  <testcase name="empty string given()" classname="twoFer.TwoFerTest" time="0.011"/>
  <testcase name="no name given()" classname="twoFer.TwoFerTest" time="0.001"/>
  <testcase name="a name given()" classname="twoFer.TwoFerTest" time="0.0"/>
  <testcase name="another name given()" classname="twoFer.TwoFerTest" time="0.0"/>
  <system-out><![CDATA[]]></system-out>
  <system-err><![CDATA[]]></system-err>
</testsuite>
